============================= test session starts ==============================
platform linux -- Python 3.12.13, pytest-9.1.1, pluggy-1.6.0 -- /home/lcpu/27058528/assignment-tirx-gemm/.venv/bin/python3
cachedir: .pytest_cache
rootdir: /home/lcpu/27058528/assignment-tirx-gemm
collecting ... collected 57 items

tests/test_step01.py::test_single_tile M=128, N=128, K=64: 0.005358 ms, 0.39 TFLOP/S
PASSED
tests/test_step02.py::test_k_loop[64] M=128, N=128, K=64: 0.005455 ms, 0.38 TFLOP/S
PASSED
tests/test_step02.py::test_k_loop[512] M=128, N=128, K=512: 0.010581 ms, 1.59 TFLOP/S
PASSED
tests/test_step02.py::test_k_loop[1024] M=128, N=128, K=1024: 0.016691 ms, 2.01 TFLOP/S
PASSED
tests/test_step02.py::test_k_loop[4096] M=128, N=128, K=4096: 0.051502 ms, 2.61 TFLOP/S
PASSED
tests/test_step03.py::test_spatial_tiling[256] M=256, N=256, K=256: 0.008404 ms, 3.99 TFLOP/S
PASSED
tests/test_step03.py::test_spatial_tiling[512] M=512, N=512, K=512: 0.010492 ms, 25.59 TFLOP/S
PASSED
tests/test_step03.py::test_spatial_tiling[1024] M=1024, N=1024, K=1024: 0.016626 ms, 129.16 TFLOP/S
PASSED
tests/test_step03.py::test_spatial_tiling[2048] M=2048, N=2048, K=2048: 0.053527 ms, 320.95 TFLOP/S
PASSED
tests/test_step04.py::test_tma_async[256] M=256, N=256, K=256: 0.006420 ms, 5.23 TFLOP/S
PASSED
tests/test_step04.py::test_tma_async[512] M=512, N=512, K=512: 0.008464 ms, 31.71 TFLOP/S
PASSED
tests/test_step04.py::test_tma_async[1024] M=1024, N=1024, K=1024: 0.012602 ms, 170.41 TFLOP/S
PASSED
tests/test_step04.py::test_tma_async[2048] M=2048, N=2048, K=2048: 0.020913 ms, 821.49 TFLOP/S
PASSED
tests/test_step04.py::test_tma_async_short_and_odd_k[64] PASSED
tests/test_step04.py::test_tma_async_short_and_odd_k[128] PASSED
tests/test_step04.py::test_tma_async_short_and_odd_k[192] PASSED
tests/test_step04.py::test_tma_async_short_and_odd_k[384] PASSED
tests/test_step05.py::test_pipeline[512] M=512, N=512, K=512: 0.007553 ms, 35.54 TFLOP/S
PASSED
tests/test_step05.py::test_pipeline[1024] M=1024, N=1024, K=1024: 0.010496 ms, 204.60 TFLOP/S
PASSED
tests/test_step05.py::test_pipeline[2048] M=2048, N=2048, K=2048: 0.019360 ms, 887.39 TFLOP/S
PASSED
tests/test_step05.py::test_pipeline[4096] M=4096, N=4096, K=4096: 0.150502 ms, 913.20 TFLOP/S
PASSED
tests/test_step05.py::test_pipeline_short_and_odd_k[64] PASSED
tests/test_step05.py::test_pipeline_short_and_odd_k[192] PASSED
tests/test_step05.py::test_pipeline_short_and_odd_k[320] PASSED
tests/test_step06.py::test_persistent[1024] M=1024, N=1024, K=1024: 0.008516 ms, 252.16 TFLOP/S
PASSED
tests/test_step06.py::test_persistent[2048] M=2048, N=2048, K=2048: 0.024832 ms, 691.84 TFLOP/S
PASSED
tests/test_step06.py::test_persistent[4096] M=4096, N=4096, K=4096: 0.155833 ms, 881.97 TFLOP/S
PASSED
tests/test_step06.py::test_persistent[8192] M=8192, N=8192, K=8192: 1.339792 ms, 820.66 TFLOP/S
PASSED
tests/test_step06.py::test_persistent_phase_across_tiles[64] PASSED
tests/test_step06.py::test_persistent_phase_across_tiles[128] PASSED
tests/test_step06.py::test_persistent_phase_across_tiles[192] PASSED
tests/test_step06.py::test_persistent_phase_across_tiles[320] PASSED
tests/test_step06.py::test_persistent_phase_across_tiles[384] PASSED
tests/test_step07.py::test_warp_spec[1024] M=1024, N=1024, K=1024: 0.008517 ms, 252.13 TFLOP/S
PASSED
tests/test_step07.py::test_warp_spec[2048] M=2048, N=2048, K=2048: 0.022211 ms, 773.48 TFLOP/S
PASSED
tests/test_step07.py::test_warp_spec[4096] M=4096, N=4096, K=4096: 0.145227 ms, 946.38 TFLOP/S
PASSED
tests/test_step07.py::test_warp_spec[8192] M=8192, N=8192, K=8192: 1.276170 ms, 861.57 TFLOP/S
PASSED
tests/test_step07.py::test_warp_spec_odd_k_across_tiles[128] PASSED
tests/test_step07.py::test_warp_spec_odd_k_across_tiles[192] PASSED
tests/test_step07.py::test_warp_spec_odd_k_across_tiles[384] PASSED
tests/test_step08.py::test_epilogue_opt[1024] M=1024, N=1024, K=1024: 0.008473 ms, 253.46 TFLOP/S
PASSED
tests/test_step08.py::test_epilogue_opt[2048] M=2048, N=2048, K=2048: 0.017833 ms, 963.40 TFLOP/S
PASSED
tests/test_step08.py::test_epilogue_opt[4096] M=4096, N=4096, K=4096: 0.117348 ms, 1171.21 TFLOP/S
PASSED
tests/test_step08.py::test_epilogue_opt[8192] M=8192, N=8192, K=8192: 1.019612 ms, 1078.36 TFLOP/S
PASSED
tests/test_step08.py::test_deep_pipeline_partial_ring[64] PASSED
tests/test_step08.py::test_deep_pipeline_partial_ring[320] PASSED
tests/test_step09.py::test_cluster[1024] M=1024, N=1024, K=1024: 0.012517 ms, 171.56 TFLOP/S
PASSED
tests/test_step09.py::test_cluster[2048] M=2048, N=2048, K=2048: 0.017385 ms, 988.23 TFLOP/S
PASSED
tests/test_step09.py::test_cluster[4096] M=4096, N=4096, K=4096: 0.101925 ms, 1348.43 TFLOP/S
PASSED
tests/test_step09.py::test_cluster[8192] M=8192, N=8192, K=8192: 0.715035 ms, 1537.70 TFLOP/S
PASSED
tests/test_step09.py::test_cluster_rectangular_persistent_tiles PASSED
tests/test_step10.py::test_multi_consumer[1024] M=1024, N=1024, K=1024: 0.010954 ms, 196.05 TFLOP/S
PASSED
tests/test_step10.py::test_multi_consumer[2048] M=2048, N=2048, K=2048: 0.016631 ms, 1032.97 TFLOP/S
PASSED
tests/test_step10.py::test_multi_consumer[4096] M=4096, N=4096, K=4096: 0.094159 ms, 1459.65 TFLOP/S
PASSED
tests/test_step10.py::test_multi_consumer[8192] M=8192, N=8192, K=8192: 0.649530 ms, 1692.78 TFLOP/S
PASSED
tests/test_step10.py::test_multi_consumer_rectangular_reuse[64] PASSED
tests/test_step10.py::test_multi_consumer_rectangular_reuse[320] PASSED

======================== 57 passed in 76.59s (0:01:16) =========================
