============================= test session starts ==============================
platform linux -- Python 3.12.13, pytest-9.1.1, pluggy-1.6.0 -- /home/lcpu/27058528/assignment-tirx-gemm/.venv/bin/python3
cachedir: .pytest_cache
rootdir: /home/lcpu/27058528/assignment-tirx-gemm
collecting ... collected 6 items

tests/test_step10.py::test_multi_consumer[1024] M=1024, N=1024, K=1024: 0.018695 ms, 114.87 TFLOP/S
PASSED
tests/test_step10.py::test_multi_consumer[2048] M=2048, N=2048, K=2048: 0.027318 ms, 628.88 TFLOP/S
PASSED
tests/test_step10.py::test_multi_consumer[4096] M=4096, N=4096, K=4096: 0.138047 ms, 995.60 TFLOP/S
PASSED
tests/test_step10.py::test_multi_consumer[8192] M=8192, N=8192, K=8192: 0.869177 ms, 1265.00 TFLOP/S
PASSED
tests/test_step10.py::test_multi_consumer_rectangular_reuse[64] PASSED
tests/test_step10.py::test_multi_consumer_rectangular_reuse[320] PASSED

============================== 6 passed in 13.19s ==============================
