============================= test session starts ==============================
platform linux -- Python 3.12.13, pytest-9.1.1, pluggy-1.6.0 -- /home/lcpu/27058528/assignment-tirx-gemm/.venv/bin/python3
cachedir: .pytest_cache
rootdir: /home/lcpu/27058528/assignment-tirx-gemm
collecting ... collected 62 items

tests/test_step01.py::test_single_tile M=128, N=128, K=64: 0.005349 ms, 0.39 TFLOP/S
PASSED
tests/test_step02.py::test_k_loop[64] M=128, N=128, K=64: 0.005328 ms, 0.39 TFLOP/S
PASSED
tests/test_step02.py::test_k_loop[512] M=128, N=128, K=512: 0.010484 ms, 1.60 TFLOP/S
PASSED
tests/test_step02.py::test_k_loop[1024] M=128, N=128, K=1024: 0.016567 ms, 2.03 TFLOP/S
PASSED
tests/test_step02.py::test_k_loop[4096] M=128, N=128, K=4096: 0.051364 ms, 2.61 TFLOP/S
PASSED
tests/test_step03.py::test_spatial_tiling[256] M=256, N=256, K=256: 0.008354 ms, 4.02 TFLOP/S
PASSED
tests/test_step03.py::test_spatial_tiling[512] M=512, N=512, K=512: 0.010434 ms, 25.73 TFLOP/S
PASSED
tests/test_step03.py::test_spatial_tiling[1024] M=1024, N=1024, K=1024: 0.016596 ms, 129.40 TFLOP/S
PASSED
tests/test_step03.py::test_spatial_tiling[2048] M=2048, N=2048, K=2048: 0.053462 ms, 321.34 TFLOP/S
PASSED
tests/test_step04.py::test_tma_async[256] M=256, N=256, K=256: 0.006353 ms, 5.28 TFLOP/S
PASSED
tests/test_step04.py::test_tma_async[512] M=512, N=512, K=512: 0.008375 ms, 32.05 TFLOP/S
PASSED
tests/test_step04.py::test_tma_async[1024] M=1024, N=1024, K=1024: 0.012521 ms, 171.52 TFLOP/S
PASSED
tests/test_step04.py::test_tma_async[2048] M=2048, N=2048, K=2048: 0.020834 ms, 824.60 TFLOP/S
PASSED
tests/test_step04.py::test_tma_async_short_and_odd_k[64] PASSED
tests/test_step04.py::test_tma_async_short_and_odd_k[128] PASSED
tests/test_step04.py::test_tma_async_short_and_odd_k[192] PASSED
tests/test_step04.py::test_tma_async_short_and_odd_k[384] PASSED
tests/test_step05.py::test_pipeline[512] M=512, N=512, K=512: 0.007494 ms, 35.82 TFLOP/S
PASSED
tests/test_step05.py::test_pipeline[1024] M=1024, N=1024, K=1024: 0.010496 ms, 204.60 TFLOP/S
PASSED
tests/test_step05.py::test_pipeline[2048] M=2048, N=2048, K=2048: 0.019888 ms, 863.83 TFLOP/S
PASSED
tests/test_step05.py::test_pipeline[4096] M=4096, N=4096, K=4096: 0.150180 ms, 915.16 TFLOP/S
PASSED
tests/test_step05.py::test_pipeline_short_and_odd_k[64] PASSED
tests/test_step05.py::test_pipeline_short_and_odd_k[192] PASSED
tests/test_step05.py::test_pipeline_short_and_odd_k[320] PASSED
tests/test_step06.py::test_persistent[1024] M=1024, N=1024, K=1024: 0.008505 ms, 252.51 TFLOP/S
PASSED
tests/test_step06.py::test_persistent[2048] M=2048, N=2048, K=2048: 0.024887 ms, 690.30 TFLOP/S
PASSED
tests/test_step06.py::test_persistent[4096] M=4096, N=4096, K=4096: 0.155642 ms, 883.05 TFLOP/S
PASSED
tests/test_step06.py::test_persistent[8192] M=8192, N=8192, K=8192: 1.339683 ms, 820.73 TFLOP/S
PASSED
tests/test_step06.py::test_persistent_phase_across_tiles[64] PASSED
tests/test_step06.py::test_persistent_phase_across_tiles[128] PASSED
tests/test_step06.py::test_persistent_phase_across_tiles[192] PASSED
tests/test_step06.py::test_persistent_phase_across_tiles[320] PASSED
tests/test_step06.py::test_persistent_phase_across_tiles[384] PASSED
tests/test_step07.py::test_warp_spec[1024] M=1024, N=1024, K=1024: 0.008503 ms, 252.54 TFLOP/S
PASSED
tests/test_step07.py::test_warp_spec[2048] M=2048, N=2048, K=2048: 0.022622 ms, 759.44 TFLOP/S
PASSED
tests/test_step07.py::test_warp_spec[4096] M=4096, N=4096, K=4096: 0.145045 ms, 947.56 TFLOP/S
PASSED
tests/test_step07.py::test_warp_spec[8192] M=8192, N=8192, K=8192: 1.276634 ms, 861.26 TFLOP/S
PASSED
tests/test_step07.py::test_warp_spec_odd_k_across_tiles[128] PASSED
tests/test_step07.py::test_warp_spec_odd_k_across_tiles[192] PASSED
tests/test_step07.py::test_warp_spec_odd_k_across_tiles[384] PASSED
tests/test_step08.py::test_epilogue_opt[1024] M=1024, N=1024, K=1024: 0.008470 ms, 253.53 TFLOP/S
PASSED
tests/test_step08.py::test_epilogue_opt[2048] M=2048, N=2048, K=2048: 0.018075 ms, 950.49 TFLOP/S
PASSED
tests/test_step08.py::test_epilogue_opt[4096] M=4096, N=4096, K=4096: 0.116989 ms, 1174.80 TFLOP/S
PASSED
tests/test_step08.py::test_epilogue_opt[8192] M=8192, N=8192, K=8192: 1.015663 ms, 1082.56 TFLOP/S
PASSED
tests/test_step08.py::test_deep_pipeline_partial_ring[64] PASSED
tests/test_step08.py::test_deep_pipeline_partial_ring[320] PASSED
tests/test_step09.py::test_cluster[1024] M=1024, N=1024, K=1024: 0.012522 ms, 171.50 TFLOP/S
PASSED
tests/test_step09.py::test_cluster[2048] M=2048, N=2048, K=2048: 0.016699 ms, 1028.82 TFLOP/S
PASSED
tests/test_step09.py::test_cluster[4096] M=4096, N=4096, K=4096: 0.098671 ms, 1392.90 TFLOP/S
PASSED
tests/test_step09.py::test_cluster[8192] M=8192, N=8192, K=8192: 0.701023 ms, 1568.44 TFLOP/S
PASSED
tests/test_step09.py::test_cluster_rectangular_persistent_tiles PASSED
tests/test_step10.py::test_multi_consumer[1024] M=1024, N=1024, K=1024: 0.010765 ms, 199.49 TFLOP/S
PASSED
tests/test_step10.py::test_multi_consumer[2048] M=2048, N=2048, K=2048: 0.016656 ms, 1031.45 TFLOP/S
PASSED
tests/test_step10.py::test_multi_consumer[4096] M=4096, N=4096, K=4096: 0.093828 ms, 1464.79 TFLOP/S
PASSED
tests/test_step10.py::test_multi_consumer[8192] M=8192, N=8192, K=8192: 0.653164 ms, 1683.36 TFLOP/S
PASSED
tests/test_step10.py::test_multi_consumer_rectangular_reuse[64] PASSED
tests/test_step10.py::test_multi_consumer_rectangular_reuse[320] PASSED
tests/test_step10.py::test_multi_consumer_dispatch_boundaries[512-9472-192] PASSED
tests/test_step10.py::test_multi_consumer_dispatch_boundaries[512-9728-192] PASSED
tests/test_step10.py::test_multi_consumer_dispatch_boundaries[4096-4352-64] PASSED
tests/test_step10.py::test_multi_consumer_dispatch_boundaries[4096-4352-320] PASSED
tests/test_step10.py::test_multi_consumer_dispatch_boundaries[4608-2560-320] PASSED

======================== 62 passed in 81.84s (0:01:21) =========================
