============================= test session starts ==============================
platform linux -- Python 3.12.13, pytest-9.1.1, pluggy-1.6.0 -- /home/lcpu/27058528/assignment-tirx-gemm/.venv/bin/python3
cachedir: .pytest_cache
rootdir: /home/lcpu/27058528/assignment-tirx-gemm
collecting ... collected 57 items

tests/test_step01.py::test_single_tile M=128, N=128, K=64: 0.008493 ms, 0.25 TFLOP/S
PASSED
tests/test_step02.py::test_k_loop[64] M=128, N=128, K=64: 0.008443 ms, 0.25 TFLOP/S
PASSED
tests/test_step02.py::test_k_loop[512] M=128, N=128, K=512: 0.016639 ms, 1.01 TFLOP/S
PASSED
tests/test_step02.py::test_k_loop[1024] M=128, N=128, K=1024: 0.026869 ms, 1.25 TFLOP/S
PASSED
tests/test_step02.py::test_k_loop[4096] M=128, N=128, K=4096: 0.084212 ms, 1.59 TFLOP/S
PASSED
tests/test_step03.py::test_spatial_tiling[256] M=256, N=256, K=256: 0.011524 ms, 2.91 TFLOP/S
PASSED
tests/test_step03.py::test_spatial_tiling[512] M=512, N=512, K=512: 0.016654 ms, 16.12 TFLOP/S
PASSED
tests/test_step03.py::test_spatial_tiling[1024] M=1024, N=1024, K=1024: 0.026855 ms, 79.96 TFLOP/S
PASSED
tests/test_step03.py::test_spatial_tiling[2048] M=2048, N=2048, K=2048: 0.088662 ms, 193.77 TFLOP/S
PASSED
tests/test_step04.py::test_tma_async[256] M=256, N=256, K=256: 0.009579 ms, 3.50 TFLOP/S
PASSED
tests/test_step04.py::test_tma_async[512] M=512, N=512, K=512: 0.012623 ms, 21.27 TFLOP/S
PASSED
tests/test_step04.py::test_tma_async[1024] M=1024, N=1024, K=1024: 0.018782 ms, 114.34 TFLOP/S
PASSED
tests/test_step04.py::test_tma_async[2048] M=2048, N=2048, K=2048: 0.035145 ms, 488.83 TFLOP/S
PASSED
tests/test_step04.py::test_tma_async_short_and_odd_k[64] PASSED
tests/test_step04.py::test_tma_async_short_and_odd_k[128] PASSED
tests/test_step04.py::test_tma_async_short_and_odd_k[192] PASSED
tests/test_step04.py::test_tma_async_short_and_odd_k[384] PASSED
tests/test_step05.py::test_pipeline[512] M=512, N=512, K=512: 0.010555 ms, 25.43 TFLOP/S
PASSED
tests/test_step05.py::test_pipeline[1024] M=1024, N=1024, K=1024: 0.015153 ms, 141.72 TFLOP/S
PASSED
tests/test_step05.py::test_pipeline[2048] M=2048, N=2048, K=2048: 0.032437 ms, 529.63 TFLOP/S
PASSED
tests/test_step05.py::test_pipeline[4096] M=4096, N=4096, K=4096: 0.209102 ms, 657.28 TFLOP/S
PASSED
tests/test_step05.py::test_pipeline_short_and_odd_k[64] PASSED
tests/test_step05.py::test_pipeline_short_and_odd_k[192] PASSED
tests/test_step05.py::test_pipeline_short_and_odd_k[320] PASSED
tests/test_step06.py::test_persistent[1024] M=1024, N=1024, K=1024: 0.014615 ms, 146.93 TFLOP/S
PASSED
tests/test_step06.py::test_persistent[2048] M=2048, N=2048, K=2048: 0.042133 ms, 407.75 TFLOP/S
PASSED
tests/test_step06.py::test_persistent[4096] M=4096, N=4096, K=4096: 0.248178 ms, 553.79 TFLOP/S
PASSED
tests/test_step06.py::test_persistent[8192] M=8192, N=8192, K=8192: 1.962815 ms, 560.17 TFLOP/S
PASSED
tests/test_step06.py::test_persistent_phase_across_tiles[64] PASSED
tests/test_step06.py::test_persistent_phase_across_tiles[128] PASSED
tests/test_step06.py::test_persistent_phase_across_tiles[192] PASSED
tests/test_step06.py::test_persistent_phase_across_tiles[320] PASSED
tests/test_step06.py::test_persistent_phase_across_tiles[384] PASSED
tests/test_step07.py::test_warp_spec[1024] M=1024, N=1024, K=1024: 0.014598 ms, 147.10 TFLOP/S
PASSED
tests/test_step07.py::test_warp_spec[2048] M=2048, N=2048, K=2048: 0.035122 ms, 489.15 TFLOP/S
PASSED
tests/test_step07.py::test_warp_spec[4096] M=4096, N=4096, K=4096: 0.218727 ms, 628.36 TFLOP/S
PASSED
tests/test_step07.py::test_warp_spec[8192] M=8192, N=8192, K=8192: 1.867683 ms, 588.70 TFLOP/S
PASSED
tests/test_step07.py::test_warp_spec_odd_k_across_tiles[128] PASSED
tests/test_step07.py::test_warp_spec_odd_k_across_tiles[192] PASSED
tests/test_step07.py::test_warp_spec_odd_k_across_tiles[384] PASSED
tests/test_step08.py::test_epilogue_opt[1024] M=1024, N=1024, K=1024: 0.012590 ms, 170.57 TFLOP/S
PASSED
tests/test_step08.py::test_epilogue_opt[2048] M=2048, N=2048, K=2048: 0.030017 ms, 572.34 TFLOP/S
FAILED
tests/test_step08.py::test_epilogue_opt[4096] M=4096, N=4096, K=4096: 0.167491 ms, 820.57 TFLOP/S
PASSED
tests/test_step08.py::test_epilogue_opt[8192] M=8192, N=8192, K=8192: 1.425342 ms, 771.40 TFLOP/S
PASSED
tests/test_step08.py::test_deep_pipeline_partial_ring[64] PASSED
tests/test_step08.py::test_deep_pipeline_partial_ring[320] PASSED
tests/test_step09.py::test_cluster[1024] M=1024, N=1024, K=1024: 0.018970 ms, 113.21 TFLOP/S
PASSED
tests/test_step09.py::test_cluster[2048] M=2048, N=2048, K=2048: 0.029006 ms, 592.29 TFLOP/S
PASSED
tests/test_step09.py::test_cluster[4096] M=4096, N=4096, K=4096: 0.145021 ms, 947.72 TFLOP/S
PASSED
tests/test_step09.py::test_cluster[8192] M=8192, N=8192, K=8192: 0.903929 ms, 1216.37 TFLOP/S
PASSED
tests/test_step09.py::test_cluster_rectangular_persistent_tiles PASSED
tests/test_step10.py::test_multi_consumer[1024] M=1024, N=1024, K=1024: 0.028935 ms, 74.22 TFLOP/S
PASSED
tests/test_step10.py::test_multi_consumer[2048] M=2048, N=2048, K=2048: 0.045367 ms, 378.68 TFLOP/S
PASSED
tests/test_step10.py::test_multi_consumer[4096] M=4096, N=4096, K=4096: 0.143553 ms, 957.41 TFLOP/S
FAILED
tests/test_step10.py::test_multi_consumer[8192] M=8192, N=8192, K=8192: 0.878587 ms, 1251.45 TFLOP/S
PASSED
tests/test_step10.py::test_multi_consumer_rectangular_reuse[64] PASSED
tests/test_step10.py::test_multi_consumer_rectangular_reuse[320] PASSED

=================================== FAILURES ===================================
___________________________ test_epilogue_opt[2048] ____________________________
tests/test_step08.py:15: in test_epilogue_opt
    check_timing(kernel, step=8, M=M, N=N, K=K)
utils.py:155: in check_timing
    assert tflops >= min_tflops, (
           ^^^^^^^^^^^^^^^^^^^^
E   AssertionError: Submission too slow: 572.34 TFLOP/S(reference 746.95 TFLOP/S)
__________________________ test_multi_consumer[4096] ___________________________
tests/test_step10.py:15: in test_multi_consumer
    check_timing(kernel, step=10, M=M, N=N, K=K)
utils.py:155: in check_timing
    assert tflops >= min_tflops, (
           ^^^^^^^^^^^^^^^^^^^^
E   AssertionError: Submission too slow: 957.41 TFLOP/S(reference 1284.48 TFLOP/S)
=========================== short test summary info ============================
FAILED tests/test_step08.py::test_epilogue_opt[2048] - AssertionError: Submis...
FAILED tests/test_step10.py::test_multi_consumer[4096] - AssertionError: Subm...
=================== 2 failed, 55 passed in 74.41s (0:01:14) ====================
