============================= test session starts ==============================
platform linux -- Python 3.12.13, pytest-9.1.1, pluggy-1.6.0 -- /home/lcpu/27058528/assignment-tirx-gemm/.venv/bin/python3
cachedir: .pytest_cache
rootdir: /home/lcpu/27058528/assignment-tirx-gemm
collecting ... collected 57 items

tests/test_step01.py::test_single_tile M=128, N=128, K=64: 0.008465 ms, 0.25 TFLOP/S
PASSED
tests/test_step02.py::test_k_loop[64] M=128, N=128, K=64: 0.008405 ms, 0.25 TFLOP/S
PASSED
tests/test_step02.py::test_k_loop[512] M=128, N=128, K=512: 0.016575 ms, 1.01 TFLOP/S
PASSED
tests/test_step02.py::test_k_loop[1024] M=128, N=128, K=1024: 0.027058 ms, 1.24 TFLOP/S
PASSED
tests/test_step02.py::test_k_loop[4096] M=128, N=128, K=4096: 0.084204 ms, 1.59 TFLOP/S
PASSED
tests/test_step03.py::test_spatial_tiling[256] M=256, N=256, K=256: 0.011570 ms, 2.90 TFLOP/S
PASSED
tests/test_step03.py::test_spatial_tiling[512] M=512, N=512, K=512: 0.016623 ms, 16.15 TFLOP/S
PASSED
tests/test_step03.py::test_spatial_tiling[1024] M=1024, N=1024, K=1024: 0.026845 ms, 80.00 TFLOP/S
PASSED
tests/test_step03.py::test_spatial_tiling[2048] M=2048, N=2048, K=2048: 0.088337 ms, 194.48 TFLOP/S
PASSED
tests/test_step04.py::test_tma_async[256] M=256, N=256, K=256: 0.009636 ms, 3.48 TFLOP/S
PASSED
tests/test_step04.py::test_tma_async[512] M=512, N=512, K=512: 0.012850 ms, 20.89 TFLOP/S
PASSED
tests/test_step04.py::test_tma_async[1024] M=1024, N=1024, K=1024: 0.018758 ms, 114.48 TFLOP/S
PASSED
tests/test_step04.py::test_tma_async[2048] M=2048, N=2048, K=2048: 0.035052 ms, 490.13 TFLOP/S
PASSED
tests/test_step04.py::test_tma_async_short_and_odd_k[64] PASSED
tests/test_step04.py::test_tma_async_short_and_odd_k[128] PASSED
tests/test_step04.py::test_tma_async_short_and_odd_k[192] PASSED
tests/test_step04.py::test_tma_async_short_and_odd_k[384] PASSED
tests/test_step05.py::test_pipeline[512] M=512, N=512, K=512: 0.010510 ms, 25.54 TFLOP/S
PASSED
tests/test_step05.py::test_pipeline[1024] M=1024, N=1024, K=1024: 0.015133 ms, 141.91 TFLOP/S
PASSED
tests/test_step05.py::test_pipeline[2048] M=2048, N=2048, K=2048: 0.032807 ms, 523.66 TFLOP/S
PASSED
tests/test_step05.py::test_pipeline[4096] M=4096, N=4096, K=4096: 0.209087 ms, 657.33 TFLOP/S
PASSED
tests/test_step05.py::test_pipeline_short_and_odd_k[64] PASSED
tests/test_step05.py::test_pipeline_short_and_odd_k[192] PASSED
tests/test_step05.py::test_pipeline_short_and_odd_k[320] PASSED
tests/test_step06.py::test_persistent[1024] M=1024, N=1024, K=1024: 0.014597 ms, 147.11 TFLOP/S
PASSED
tests/test_step06.py::test_persistent[2048] M=2048, N=2048, K=2048: 0.042043 ms, 408.63 TFLOP/S
PASSED
tests/test_step06.py::test_persistent[4096] M=4096, N=4096, K=4096: 0.248935 ms, 552.11 TFLOP/S
PASSED
tests/test_step06.py::test_persistent[8192] M=8192, N=8192, K=8192: 1.962017 ms, 560.40 TFLOP/S
PASSED
tests/test_step06.py::test_persistent_phase_across_tiles[64] PASSED
tests/test_step06.py::test_persistent_phase_across_tiles[128] PASSED
tests/test_step06.py::test_persistent_phase_across_tiles[192] PASSED
tests/test_step06.py::test_persistent_phase_across_tiles[320] PASSED
tests/test_step06.py::test_persistent_phase_across_tiles[384] PASSED
tests/test_step07.py::test_warp_spec[1024] M=1024, N=1024, K=1024: 0.014582 ms, 147.27 TFLOP/S
PASSED
tests/test_step07.py::test_warp_spec[2048] M=2048, N=2048, K=2048: 0.035163 ms, 488.58 TFLOP/S
PASSED
tests/test_step07.py::test_warp_spec[4096] M=4096, N=4096, K=4096: 0.218925 ms, 627.79 TFLOP/S
PASSED
tests/test_step07.py::test_warp_spec[8192] M=8192, N=8192, K=8192: 1.867777 ms, 588.67 TFLOP/S
PASSED
tests/test_step07.py::test_warp_spec_odd_k_across_tiles[128] PASSED
tests/test_step07.py::test_warp_spec_odd_k_across_tiles[192] PASSED
tests/test_step07.py::test_warp_spec_odd_k_across_tiles[384] PASSED
tests/test_step08.py::test_epilogue_opt[1024] M=1024, N=1024, K=1024: 0.012583 ms, 170.66 TFLOP/S
PASSED
tests/test_step08.py::test_epilogue_opt[2048] M=2048, N=2048, K=2048: 0.028954 ms, 593.36 TFLOP/S
PASSED
tests/test_step08.py::test_epilogue_opt[4096] M=4096, N=4096, K=4096: 0.161213 ms, 852.53 TFLOP/S
PASSED
tests/test_step08.py::test_epilogue_opt[8192] M=8192, N=8192, K=8192: 1.383687 ms, 794.62 TFLOP/S
PASSED
tests/test_step08.py::test_deep_pipeline_partial_ring[64] PASSED
tests/test_step08.py::test_deep_pipeline_partial_ring[320] PASSED
tests/test_step09.py::test_cluster[1024] M=1024, N=1024, K=1024: 0.018714 ms, 114.76 TFLOP/S
PASSED
tests/test_step09.py::test_cluster[2048] M=2048, N=2048, K=2048: 0.028990 ms, 592.62 TFLOP/S
PASSED
tests/test_step09.py::test_cluster[4096] M=4096, N=4096, K=4096: 0.144722 ms, 949.67 TFLOP/S
PASSED
tests/test_step09.py::test_cluster[8192] M=8192, N=8192, K=8192: 0.904830 ms, 1215.16 TFLOP/S
PASSED
tests/test_step09.py::test_cluster_rectangular_persistent_tiles PASSED
tests/test_step10.py::test_multi_consumer[1024] M=1024, N=1024, K=1024: 0.028929 ms, 74.23 TFLOP/S
PASSED
tests/test_step10.py::test_multi_consumer[2048] M=2048, N=2048, K=2048: 0.045339 ms, 378.92 TFLOP/S
PASSED
tests/test_step10.py::test_multi_consumer[4096] M=4096, N=4096, K=4096: 0.143187 ms, 959.85 TFLOP/S
FAILED
tests/test_step10.py::test_multi_consumer[8192] M=8192, N=8192, K=8192: 0.876640 ms, 1254.23 TFLOP/S
PASSED
tests/test_step10.py::test_multi_consumer_rectangular_reuse[64] PASSED
tests/test_step10.py::test_multi_consumer_rectangular_reuse[320] PASSED

=================================== FAILURES ===================================
__________________________ test_multi_consumer[4096] ___________________________
tests/test_step10.py:15: in test_multi_consumer
    check_timing(kernel, step=10, M=M, N=N, K=K)
utils.py:155: in check_timing
    assert tflops >= min_tflops, (
           ^^^^^^^^^^^^^^^^^^^^
E   AssertionError: Submission too slow: 959.85 TFLOP/S(reference 1284.48 TFLOP/S)
=========================== short test summary info ============================
FAILED tests/test_step10.py::test_multi_consumer[4096] - AssertionError: Subm...
=================== 1 failed, 56 passed in 74.76s (0:01:14) ====================
