============================= test session starts ==============================
platform linux -- Python 3.12.13, pytest-9.1.1, pluggy-1.6.0 -- /home/lcpu/27058528/assignment-tirx-gemm/.venv/bin/python3
cachedir: .pytest_cache
rootdir: /home/lcpu/27058528/assignment-tirx-gemm
collecting ... collected 49 items

tests/test_step01.py::test_single_tile M=128, N=128, K=64: 0.007531 ms, 0.28 TFLOP/S
PASSED
tests/test_step02.py::test_k_loop[64] M=128, N=128, K=64: 0.007443 ms, 0.28 TFLOP/S
PASSED
tests/test_step02.py::test_k_loop[512] M=128, N=128, K=512: 0.016597 ms, 1.01 TFLOP/S
PASSED
tests/test_step02.py::test_k_loop[1024] M=128, N=128, K=1024: 0.024879 ms, 1.35 TFLOP/S
PASSED
tests/test_step02.py::test_k_loop[4096] M=128, N=128, K=4096: 0.082209 ms, 1.63 TFLOP/S
PASSED
tests/test_step03.py::test_spatial_tiling[256] M=256, N=256, K=256: 0.010735 ms, 3.13 TFLOP/S
PASSED
tests/test_step03.py::test_spatial_tiling[512] M=512, N=512, K=512: 0.016604 ms, 16.17 TFLOP/S
PASSED
tests/test_step03.py::test_spatial_tiling[1024] M=1024, N=1024, K=1024: 0.026850 ms, 79.98 TFLOP/S
PASSED
tests/test_step03.py::test_spatial_tiling[2048] M=2048, N=2048, K=2048: 0.088393 ms, 194.36 TFLOP/S
PASSED
tests/test_step04.py::test_tma_async[256] M=256, N=256, K=256: 0.010769 ms, 3.12 TFLOP/S
PASSED
tests/test_step04.py::test_tma_async[512] M=512, N=512, K=512: 0.014651 ms, 18.32 TFLOP/S
PASSED
tests/test_step04.py::test_tma_async[1024] M=1024, N=1024, K=1024: 0.022846 ms, 94.00 TFLOP/S
FAILED
tests/test_step04.py::test_tma_async[2048] M=2048, N=2048, K=2048: 0.076671 ms, 224.07 TFLOP/S
FAILED
tests/test_step05.py::test_pipeline[512] M=512, N=512, K=512: 0.010532 ms, 25.49 TFLOP/S
PASSED
tests/test_step05.py::test_pipeline[1024] M=1024, N=1024, K=1024: 0.016352 ms, 131.33 TFLOP/S
FAILED
tests/test_step05.py::test_pipeline[2048] M=2048, N=2048, K=2048: 0.045422 ms, 378.23 TFLOP/S
FAILED
tests/test_step05.py::test_pipeline[4096] M=4096, N=4096, K=4096: 0.362940 ms, 378.68 TFLOP/S
FAILED
tests/test_step05.py::test_pipeline_short_and_odd_k[64] PASSED
tests/test_step05.py::test_pipeline_short_and_odd_k[192] PASSED
tests/test_step05.py::test_pipeline_short_and_odd_k[320] PASSED
tests/test_step06.py::test_persistent[1024] M=1024, N=1024, K=1024: 0.016636 ms, 129.09 TFLOP/S
PASSED
tests/test_step06.py::test_persistent[2048] M=2048, N=2048, K=2048: 0.047595 ms, 360.96 TFLOP/S
FAILED
tests/test_step06.py::test_persistent[4096] M=4096, N=4096, K=4096: 0.322978 ms, 425.54 TFLOP/S
FAILED
tests/test_step06.py::test_persistent[8192] M=8192, N=8192, K=8192: 2.802924 ms, 392.27 TFLOP/S
FAILED
tests/test_step06.py::test_persistent_phase_across_tiles[64] PASSED
tests/test_step06.py::test_persistent_phase_across_tiles[192] PASSED
tests/test_step06.py::test_persistent_phase_across_tiles[320] PASSED
tests/test_step07.py::test_warp_spec[1024] M=1024, N=1024, K=1024: 0.016609 ms, 129.30 TFLOP/S
PASSED
tests/test_step07.py::test_warp_spec[2048] M=2048, N=2048, K=2048: 0.045601 ms, 376.74 TFLOP/S
FAILED
tests/test_step07.py::test_warp_spec[4096] M=4096, N=4096, K=4096: 0.313424 ms, 438.51 TFLOP/S
FAILED
tests/test_step07.py::test_warp_spec[8192] M=8192, N=8192, K=8192: 2.783132 ms, 395.06 TFLOP/S
FAILED
tests/test_step07.py::test_warp_spec_odd_k_across_tiles PASSED
tests/test_step08.py::test_epilogue_opt[1024] M=1024, N=1024, K=1024: 0.012538 ms, 171.28 TFLOP/S
PASSED
tests/test_step08.py::test_epilogue_opt[2048] M=2048, N=2048, K=2048: 0.029299 ms, 586.36 TFLOP/S
PASSED
tests/test_step08.py::test_epilogue_opt[4096] M=4096, N=4096, K=4096: 0.172100 ms, 798.60 TFLOP/S
FAILED
tests/test_step08.py::test_epilogue_opt[8192] M=8192, N=8192, K=8192: 1.432000 ms, 767.82 TFLOP/S
PASSED
tests/test_step08.py::test_deep_pipeline_partial_ring[64] PASSED
tests/test_step08.py::test_deep_pipeline_partial_ring[320] PASSED
tests/test_step09.py::test_cluster[1024] M=1024, N=1024, K=1024: 0.018750 ms, 114.53 TFLOP/S
PASSED
tests/test_step09.py::test_cluster[2048] M=2048, N=2048, K=2048: 0.028972 ms, 592.99 TFLOP/S
PASSED
tests/test_step09.py::test_cluster[4096] M=4096, N=4096, K=4096: 0.143789 ms, 955.84 TFLOP/S
PASSED
tests/test_step09.py::test_cluster[8192] M=8192, N=8192, K=8192: 0.903387 ms, 1217.10 TFLOP/S
PASSED
tests/test_step09.py::test_cluster_rectangular_persistent_tiles PASSED
tests/test_step10.py::test_multi_consumer[1024] M=1024, N=1024, K=1024: 0.029047 ms, 73.93 TFLOP/S
PASSED
tests/test_step10.py::test_multi_consumer[2048] M=2048, N=2048, K=2048: 0.045418 ms, 378.26 TFLOP/S
PASSED
tests/test_step10.py::test_multi_consumer[4096] M=4096, N=4096, K=4096: 0.141857 ms, 968.86 TFLOP/S
FAILED
tests/test_step10.py::test_multi_consumer[8192] M=8192, N=8192, K=8192: 0.872906 ms, 1259.60 TFLOP/S
PASSED
tests/test_step10.py::test_multi_consumer_rectangular_reuse[64] PASSED
tests/test_step10.py::test_multi_consumer_rectangular_reuse[320] PASSED

=================================== FAILURES ===================================
_____________________________ test_tma_async[1024] _____________________________
tests/test_step04.py:15: in test_tma_async
    check_timing(kernel, step=4, M=M, N=N, K=K)
utils.py:155: in check_timing
    assert tflops >= min_tflops, (
           ^^^^^^^^^^^^^^^^^^^^
E   AssertionError: Submission too slow: 94.00 TFLOP/S(reference 126.32 TFLOP/S)
_____________________________ test_tma_async[2048] _____________________________
tests/test_step04.py:15: in test_tma_async
    check_timing(kernel, step=4, M=M, N=N, K=K)
utils.py:155: in check_timing
    assert tflops >= min_tflops, (
           ^^^^^^^^^^^^^^^^^^^^
E   AssertionError: Submission too slow: 224.07 TFLOP/S(reference 330.38 TFLOP/S)
_____________________________ test_pipeline[1024] ______________________________
tests/test_step05.py:15: in test_pipeline
    check_timing(kernel, step=5, M=M, N=N, K=K)
utils.py:155: in check_timing
    assert tflops >= min_tflops, (
           ^^^^^^^^^^^^^^^^^^^^
E   AssertionError: Submission too slow: 131.33 TFLOP/S(reference 178.96 TFLOP/S)
_____________________________ test_pipeline[2048] ______________________________
tests/test_step05.py:15: in test_pipeline
    check_timing(kernel, step=5, M=M, N=N, K=K)
utils.py:155: in check_timing
    assert tflops >= min_tflops, (
           ^^^^^^^^^^^^^^^^^^^^
E   AssertionError: Submission too slow: 378.23 TFLOP/S(reference 520.60 TFLOP/S)
_____________________________ test_pipeline[4096] ______________________________
tests/test_step05.py:15: in test_pipeline
    check_timing(kernel, step=5, M=M, N=N, K=K)
utils.py:155: in check_timing
    assert tflops >= min_tflops, (
           ^^^^^^^^^^^^^^^^^^^^
E   AssertionError: Submission too slow: 378.68 TFLOP/S(reference 505.29 TFLOP/S)
____________________________ test_persistent[2048] _____________________________
tests/test_step06.py:15: in test_persistent
    check_timing(kernel, step=6, M=M, N=N, K=K)
utils.py:155: in check_timing
    assert tflops >= min_tflops, (
           ^^^^^^^^^^^^^^^^^^^^
E   AssertionError: Submission too slow: 360.96 TFLOP/S(reference 490.85 TFLOP/S)
____________________________ test_persistent[4096] _____________________________
tests/test_step06.py:15: in test_persistent
    check_timing(kernel, step=6, M=M, N=N, K=K)
utils.py:155: in check_timing
    assert tflops >= min_tflops, (
           ^^^^^^^^^^^^^^^^^^^^
E   AssertionError: Submission too slow: 425.54 TFLOP/S(reference 575.06 TFLOP/S)
____________________________ test_persistent[8192] _____________________________
tests/test_step06.py:15: in test_persistent
    check_timing(kernel, step=6, M=M, N=N, K=K)
utils.py:155: in check_timing
    assert tflops >= min_tflops, (
           ^^^^^^^^^^^^^^^^^^^^
E   AssertionError: Submission too slow: 392.27 TFLOP/S(reference 513.07 TFLOP/S)
_____________________________ test_warp_spec[2048] _____________________________
tests/test_step07.py:15: in test_warp_spec
    check_timing(kernel, step=7, M=M, N=N, K=K)
utils.py:155: in check_timing
    assert tflops >= min_tflops, (
           ^^^^^^^^^^^^^^^^^^^^
E   AssertionError: Submission too slow: 376.74 TFLOP/S(reference 554.19 TFLOP/S)
_____________________________ test_warp_spec[4096] _____________________________
tests/test_step07.py:15: in test_warp_spec
    check_timing(kernel, step=7, M=M, N=N, K=K)
utils.py:155: in check_timing
    assert tflops >= min_tflops, (
           ^^^^^^^^^^^^^^^^^^^^
E   AssertionError: Submission too slow: 438.51 TFLOP/S(reference 597.56 TFLOP/S)
_____________________________ test_warp_spec[8192] _____________________________
tests/test_step07.py:15: in test_warp_spec
    check_timing(kernel, step=7, M=M, N=N, K=K)
utils.py:155: in check_timing
    assert tflops >= min_tflops, (
           ^^^^^^^^^^^^^^^^^^^^
E   AssertionError: Submission too slow: 395.06 TFLOP/S(reference 529.89 TFLOP/S)
___________________________ test_epilogue_opt[4096] ____________________________
tests/test_step08.py:15: in test_epilogue_opt
    check_timing(kernel, step=8, M=M, N=N, K=K)
utils.py:155: in check_timing
    assert tflops >= min_tflops, (
           ^^^^^^^^^^^^^^^^^^^^
E   AssertionError: Submission too slow: 798.60 TFLOP/S(reference 1041.20 TFLOP/S)
__________________________ test_multi_consumer[4096] ___________________________
tests/test_step10.py:15: in test_multi_consumer
    check_timing(kernel, step=10, M=M, N=N, K=K)
utils.py:155: in check_timing
    assert tflops >= min_tflops, (
           ^^^^^^^^^^^^^^^^^^^^
E   AssertionError: Submission too slow: 968.86 TFLOP/S(reference 1284.48 TFLOP/S)
=========================== short test summary info ============================
FAILED tests/test_step04.py::test_tma_async[1024] - AssertionError: Submissio...
FAILED tests/test_step04.py::test_tma_async[2048] - AssertionError: Submissio...
FAILED tests/test_step05.py::test_pipeline[1024] - AssertionError: Submission...
FAILED tests/test_step05.py::test_pipeline[2048] - AssertionError: Submission...
FAILED tests/test_step05.py::test_pipeline[4096] - AssertionError: Submission...
FAILED tests/test_step06.py::test_persistent[2048] - AssertionError: Submissi...
FAILED tests/test_step06.py::test_persistent[4096] - AssertionError: Submissi...
FAILED tests/test_step06.py::test_persistent[8192] - AssertionError: Submissi...
FAILED tests/test_step07.py::test_warp_spec[2048] - AssertionError: Submissio...
FAILED tests/test_step07.py::test_warp_spec[4096] - AssertionError: Submissio...
FAILED tests/test_step07.py::test_warp_spec[8192] - AssertionError: Submissio...
FAILED tests/test_step08.py::test_epilogue_opt[4096] - AssertionError: Submis...
FAILED tests/test_step10.py::test_multi_consumer[4096] - AssertionError: Subm...
=================== 13 failed, 36 passed in 70.04s (0:01:10) ===================
