============================= test session starts ==============================
platform linux -- Python 3.12.13, pytest-9.1.1, pluggy-1.6.0 -- /home/lcpu/27058528/assignment-tirx-gemm/.venv/bin/python3
cachedir: .pytest_cache
rootdir: /home/lcpu/27058528/assignment-tirx-gemm
collecting ... collected 57 items

tests/test_step01.py::test_single_tile M=128, N=128, K=64: 0.007766 ms, 0.27 TFLOP/S
PASSED
tests/test_step02.py::test_k_loop[64] M=128, N=128, K=64: 0.007327 ms, 0.29 TFLOP/S
PASSED
tests/test_step02.py::test_k_loop[512] M=128, N=128, K=512: 0.016631 ms, 1.01 TFLOP/S
PASSED
tests/test_step02.py::test_k_loop[1024] M=128, N=128, K=1024: 0.024838 ms, 1.35 TFLOP/S
PASSED
tests/test_step02.py::test_k_loop[4096] M=128, N=128, K=4096: 0.082177 ms, 1.63 TFLOP/S
PASSED
tests/test_step03.py::test_spatial_tiling[256] M=256, N=256, K=256: 0.010729 ms, 3.13 TFLOP/S
PASSED
tests/test_step03.py::test_spatial_tiling[512] M=512, N=512, K=512: 0.016676 ms, 16.10 TFLOP/S
PASSED
tests/test_step03.py::test_spatial_tiling[1024] M=1024, N=1024, K=1024: 0.027057 ms, 79.37 TFLOP/S
PASSED
tests/test_step03.py::test_spatial_tiling[2048] M=2048, N=2048, K=2048: 0.089056 ms, 192.91 TFLOP/S
PASSED
tests/test_step04.py::test_tma_async[256] M=256, N=256, K=256: 0.009196 ms, 3.65 TFLOP/S
PASSED
tests/test_step04.py::test_tma_async[512] M=512, N=512, K=512: 0.012579 ms, 21.34 TFLOP/S
PASSED
tests/test_step04.py::test_tma_async[1024] M=1024, N=1024, K=1024: 0.018699 ms, 114.85 TFLOP/S
PASSED
tests/test_step04.py::test_tma_async[2048] M=2048, N=2048, K=2048: 0.034090 ms, 503.96 TFLOP/S
PASSED
tests/test_step04.py::test_tma_async_short_and_odd_k[64] PASSED
tests/test_step04.py::test_tma_async_short_and_odd_k[128] PASSED
tests/test_step04.py::test_tma_async_short_and_odd_k[192] PASSED
tests/test_step04.py::test_tma_async_short_and_odd_k[384] PASSED
tests/test_step05.py::test_pipeline[512] M=512, N=512, K=512: 0.010558 ms, 25.43 TFLOP/S
PASSED
tests/test_step05.py::test_pipeline[1024] M=1024, N=1024, K=1024: 0.014741 ms, 145.68 TFLOP/S
PASSED
tests/test_step05.py::test_pipeline[2048] M=2048, N=2048, K=2048: 0.031747 ms, 541.15 TFLOP/S
PASSED
tests/test_step05.py::test_pipeline[4096] M=4096, N=4096, K=4096: 0.208549 ms, 659.02 TFLOP/S
PASSED
tests/test_step05.py::test_pipeline_short_and_odd_k[64] PASSED
tests/test_step05.py::test_pipeline_short_and_odd_k[192] PASSED
tests/test_step05.py::test_pipeline_short_and_odd_k[320] PASSED
tests/test_step06.py::test_persistent[1024] M=1024, N=1024, K=1024: 0.014647 ms, 146.61 TFLOP/S
PASSED
tests/test_step06.py::test_persistent[2048] M=2048, N=2048, K=2048: 0.041280 ms, 416.18 TFLOP/S
PASSED
tests/test_step06.py::test_persistent[4096] M=4096, N=4096, K=4096: 0.247691 ms, 554.88 TFLOP/S
PASSED
tests/test_step06.py::test_persistent[8192] M=8192, N=8192, K=8192: 1.958189 ms, 561.49 TFLOP/S
PASSED
tests/test_step06.py::test_persistent_phase_across_tiles[64] PASSED
tests/test_step06.py::test_persistent_phase_across_tiles[128] PASSED
tests/test_step06.py::test_persistent_phase_across_tiles[192] PASSED
tests/test_step06.py::test_persistent_phase_across_tiles[320] PASSED
tests/test_step06.py::test_persistent_phase_across_tiles[384] PASSED
tests/test_step07.py::test_warp_spec[1024] M=1024, N=1024, K=1024: 0.014545 ms, 147.64 TFLOP/S
PASSED
tests/test_step07.py::test_warp_spec[2048] M=2048, N=2048, K=2048: 0.035463 ms, 484.44 TFLOP/S
PASSED
tests/test_step07.py::test_warp_spec[4096] M=4096, N=4096, K=4096: 0.219473 ms, 626.22 TFLOP/S
PASSED
tests/test_step07.py::test_warp_spec[8192] M=8192, N=8192, K=8192: 1.874877 ms, 586.44 TFLOP/S
PASSED
tests/test_step07.py::test_warp_spec_odd_k_across_tiles[128] PASSED
tests/test_step07.py::test_warp_spec_odd_k_across_tiles[192] PASSED
tests/test_step07.py::test_warp_spec_odd_k_across_tiles[384] PASSED
tests/test_step08.py::test_epilogue_opt[1024] M=1024, N=1024, K=1024: 0.012544 ms, 171.20 TFLOP/S
PASSED
tests/test_step08.py::test_epilogue_opt[2048] M=2048, N=2048, K=2048: 0.029061 ms, 591.16 TFLOP/S
PASSED
tests/test_step08.py::test_epilogue_opt[4096] M=4096, N=4096, K=4096: 0.162335 ms, 846.64 TFLOP/S
PASSED
tests/test_step08.py::test_epilogue_opt[8192] M=8192, N=8192, K=8192: 1.383920 ms, 794.49 TFLOP/S
PASSED
tests/test_step08.py::test_deep_pipeline_partial_ring[64] PASSED
tests/test_step08.py::test_deep_pipeline_partial_ring[320] PASSED
tests/test_step09.py::test_cluster[1024] M=1024, N=1024, K=1024: 0.018739 ms, 114.60 TFLOP/S
PASSED
tests/test_step09.py::test_cluster[2048] M=2048, N=2048, K=2048: 0.028974 ms, 592.94 TFLOP/S
PASSED
tests/test_step09.py::test_cluster[4096] M=4096, N=4096, K=4096: 0.143822 ms, 955.62 TFLOP/S
PASSED
tests/test_step09.py::test_cluster[8192] M=8192, N=8192, K=8192: 0.904102 ms, 1216.14 TFLOP/S
PASSED
tests/test_step09.py::test_cluster_rectangular_persistent_tiles PASSED
tests/test_step10.py::test_multi_consumer[1024] M=1024, N=1024, K=1024: 0.018645 ms, 115.18 TFLOP/S
PASSED
tests/test_step10.py::test_multi_consumer[2048] M=2048, N=2048, K=2048: 0.027468 ms, 625.46 TFLOP/S
PASSED
tests/test_step10.py::test_multi_consumer[4096] M=4096, N=4096, K=4096: 0.138217 ms, 994.37 TFLOP/S
PASSED
tests/test_step10.py::test_multi_consumer[8192] M=8192, N=8192, K=8192: 0.868215 ms, 1266.40 TFLOP/S
PASSED
tests/test_step10.py::test_multi_consumer_rectangular_reuse[64] PASSED
tests/test_step10.py::test_multi_consumer_rectangular_reuse[320] PASSED

======================== 57 passed in 77.22s (0:01:17) =========================
